2025-02-14T04:51:18+00:00 DEBUG POST: https://ads.tiktok.com/marketing_api/api/developer/app/create_auto_approve/

{"business_platform":"PROD","smb_id":"tt4b_woocommerce_67aecbc64a76fhttplocalhostmywoowp-admin","smb_name":"PROD","redirect_url":"http:\/\/localhost\/mywoo\/wp-admin\/"}
 ajax: no
2025-02-14T04:51:18+00:00 DEBUG Tt4b_Mapi_Class::create_open_source_app: Response: 

HTTP/1.1 200 OK
Content-Type: application/json
X-Tt-Logid: 20250214045117B7A0306644B7864A43A0,20250214045117B7A0306644B7864A43A0
Strict-Transport-Security: max-age=31536000; includeSubDomains
x-tt-trace-host: 01fda35ea1cbfbd01268425dd0b50516092e3c2d85d27e75e55621e94b3ead97d87a587c41c868e1942eca71bcc7e9a7595274d350ba29870a76db37cb7e5d5fd53e0c9920200ebc48bfd590d3da2f55f540ed9bc93f321bf6d804be083284a1cf7cf7835cc6b39ca274ffe7d3d0929b1d
x-tt-trace-id: 00-250214045117B7A0306644B7864A43A0-3C744836466EDF5D-00
Server: TLB
Content-Encoding: gzip
Content-Length: 206
X-Origin-Response-Time: 50,184.50.95.212
X-Akamai-Request-ID: 5810ff4.15c1292a
Date: Fri, 14 Feb 2025 04:51:18 GMT
X-Cache: TCP_MISS from a27-77-82-148.deploy.akamaitechnologies.com (AkamaiGHost/11.8.1-4626758e7fa58b73aefa05b51f5ad43e) (-)
Connection: close
Vary: Accept-Encoding
X-Cache-Remote: TCP_MISS from a184-50-95-212.deploy.akamaitechnologies.com (AkamaiGHost/11.8.2-cebd4885bf42ba1e815e293c69ad1d4a) (-)
x-tt-trace-tag: id=16;cdn-cache=miss;type=dyn
Server-Timing: cdn-cache; desc=MISS, edge; dur=41, origin; dur=50
Server-Timing: inner; dur=46
X-Parent-Response-Time: 88,27.77.82.148

{"code":0,"msg":"ok","data":{"app_id":"7471132886846930952","app_secret":"36b0f56b38346ffaeb668f36d587db69e7471e40","redirect_uri":"http:\/\/localhost\/mywoo\/wp-admin\/","external_data_key":"51db4e9b-f29e-43fc-9d31-3efb7f118093"}}

2025-02-14T04:56:07+00:00 DEBUG POST: https://business-api.tiktok.com/tbp/v2.0/business_profile/disconnect?external_data=

{"business_platform":"WOO_COMMERCE","external_business_id":"tt4b_woocommerce_67aecbc64a76f"}
 ajax: no
2025-02-14T04:56:07+00:00 DEBUG Tt4b_Mapi_Class::tbp_post: Response: 

HTTP/1.1 200 OK
Content-Type: application/json; charset=utf-8
Content-Length: 95
X-Api-Deprecation-Info: API for Business Version 1.3 is now live. To avoid disruption to your business, we recommend you migrate all calls to v1.3 as soon as possible. Please visit our migration guide for more details: https://ads.tiktok.com/marketing_api/docs?id=1740029169927169
X-Domain-Change-Info: We have moved to the new domain business-api.tiktok.com for API services after the Platform Upgrade on 09/30/2021. Please update all of your requests with the new domain if you haven't done so already. For more information, please visit https://ads.tiktok.com/marketing_api/docs?rid=esb88xalm6m&id=1709207085043713
X-Tt-Logid: 20250214045606C344C9AE15577A42D617
Server-Timing: inner; dur=9
x-tt-trace-host: 01fda35ea1cbfbd01268425dd0b5051609d13acb1484ef1d1ead6a954c39332402073c91df76f55bbda37a25e2b263b20f519ade04581f50fcbf49969510cb79005496c953501a492a792f9f31ef25f836a5ab7856520a2b472bd3c6086db94a95
x-tt-trace-id: 00-250214045606C344C9AE15577A42D617-1ABAC575789D4BC7-00
Server: TLB
Expires: Fri, 14 Feb 2025 04:56:08 GMT
Cache-Control: max-age=0, no-cache, no-store
Pragma: no-cache
Date: Fri, 14 Feb 2025 04:56:08 GMT
X-Cache: TCP_MISS from a23-203-135-230.deploy.akamaitechnologies.com (AkamaiGHost/11.8.1-2c00874bde3a1f428b1fbbe8783f6d16) (-)
Connection: close
x-tt-trace-tag: id=16;cdn-cache=miss;type=dyn
Server-Timing: cdn-cache; desc=MISS, edge; dur=5, origin; dur=46
X-Origin-Response-Time: 47,23.203.135.230
X-Akamai-Request-ID: 1ee93373

{"code":40001,"message":"Permission denied.","request_id":"20250214045606C344C9AE15577A42D617"}

2025-02-14T04:56:07+00:00 DEBUG POST: https://business-api.tiktok.com/tbp/v2.0/shop/connection/disconnect?external_data=

--- EMPTY STRING ---
 ajax: no
2025-02-14T04:56:07+00:00 DEBUG Tt4b_Mapi_Class::tts_shop_disconnect: Response: 

HTTP/1.1 200 OK
Content-Type: application/json; charset=utf-8
Content-Length: 95
X-Api-Deprecation-Info: API for Business Version 1.3 is now live. To avoid disruption to your business, we recommend you migrate all calls to v1.3 as soon as possible. Please visit our migration guide for more details: https://ads.tiktok.com/marketing_api/docs?id=1740029169927169
X-Domain-Change-Info: We have moved to the new domain business-api.tiktok.com for API services after the Platform Upgrade on 09/30/2021. Please update all of your requests with the new domain if you haven't done so already. For more information, please visit https://ads.tiktok.com/marketing_api/docs?rid=esb88xalm6m&id=1709207085043713
X-Tt-Logid: 202502140456070D6CDEC654B2EE438CAD
Server-Timing: inner; dur=23
x-tt-trace-host: 01fda35ea1cbfbd01268425dd0b50516090a004ea0561d28cb66a0204ec6d1764096ad5497ad64a03075b3042b5cd781946637b1f90fa958f9b220e4f2dccfe19dbd12b87e7cebad53b1e44c183f500e58abb691a38cd5ef5e59bd92d102296cb7
x-tt-trace-id: 00-2502140456070D6CDEC654B2EE438CAD-00DD5D9565DE9E43-00
Server: TLB
Expires: Fri, 14 Feb 2025 04:56:08 GMT
Cache-Control: max-age=0, no-cache, no-store
Pragma: no-cache
Date: Fri, 14 Feb 2025 04:56:08 GMT
X-Cache: TCP_MISS from a23-203-135-175.deploy.akamaitechnologies.com (AkamaiGHost/11.8.2-632bbea52cad62b88b8edeb1322023d2) (-)
Connection: close
x-tt-trace-tag: id=16;cdn-cache=miss;type=dyn
Server-Timing: cdn-cache; desc=MISS, edge; dur=2, origin; dur=60
X-Origin-Response-Time: 60,23.203.135.175
X-Akamai-Request-ID: 945b323

{"code":40001,"message":"Permission denied.","request_id":"202502140456070D6CDEC654B2EE438CAD"}

